INFO    2022-04-28 10:23:38,229 [main] GetCalls.GetProject  - The Response is : 
INFO    2022-04-28 10:23:38,249 [main] GetCalls.GetProject  - The Status code is 200 : VERIFIED 
INFO    2022-04-28 10:23:38,265 [main] GetCalls.GetProject  - Checking the status of the project
INFO    2022-04-28 11:06:31,912 [main] GetCalls.GetProject  - The Response is : 
INFO    2022-04-28 11:06:31,923 [main] GetCalls.GetProject  - The Status code is 200 : VERIFIED 
INFO    2022-04-28 11:06:31,937 [main] GetCalls.GetProject  - Checking the status of the project
INFO    2022-04-28 11:07:15,409 [main] GetCalls.GetProject  - The Response is : 
INFO    2022-04-28 11:07:15,411 [main] GetCalls.GetProject  - The Status code is 200 : VERIFIED 
INFO    2022-04-28 11:07:15,422 [main] GetCalls.GetProject  - The Content Type is : JSON 
INFO    2022-04-28 11:07:15,423 [main] GetCalls.GetProject  - Checking Product ID of the response :
INFO    2022-04-28 11:07:15,425 [main] GetCalls.GetProject  - Checking the name of the project
INFO    2022-04-28 11:07:15,425 [main] GetCalls.GetProject  - Checking the status of the project
INFO    2022-04-28 11:10:01,894 [main] GetCalls.GetProject  - The Response is : 
INFO    2022-04-28 11:10:01,898 [main] GetCalls.GetProject  - The Status code is 200 : VERIFIED 
INFO    2022-04-28 11:10:01,898 [main] GetCalls.GetProject  - The Content Type is : JSON 
INFO    2022-04-28 11:10:01,898 [main] GetCalls.GetProject  - Checking Product ID of the response :
INFO    2022-04-28 11:10:01,898 [main] GetCalls.GetProject  - Checking the name of the project
INFO    2022-04-28 11:10:01,898 [main] GetCalls.GetProject  - Checking the status of the project
INFO    2022-04-28 11:10:52,418 [main] GetCalls.GetProject  - The Response is : 
INFO    2022-04-28 11:10:52,418 [main] GetCalls.GetProject  - The Status code is 200 : VERIFIED 
INFO    2022-04-28 11:10:52,418 [main] GetCalls.GetProject  - The Content Type is : JSON 
INFO    2022-04-28 11:10:52,418 [main] GetCalls.GetProject  - Checking Product ID of the response :
INFO    2022-04-28 11:10:52,418 [main] GetCalls.GetProject  - Checking the name of the project
INFO    2022-04-28 11:10:52,418 [main] GetCalls.GetProject  - Checking the status of the project
INFO    2022-04-28 11:13:19,388 [main] GetCalls.GetProject  - The Response is : 
INFO    2022-04-28 11:13:19,404 [main] GetCalls.GetProject  - The Status code is 200 : VERIFIED 
INFO    2022-04-28 11:13:56,619 [main] GetCalls.GetProject  - The Response is : 
INFO    2022-04-28 11:13:56,619 [main] GetCalls.GetProject  - The Status code is 200 : VERIFIED 
INFO    2022-04-28 11:13:56,619 [main] GetCalls.GetProject  - The Content Type is : JSON 
INFO    2022-04-28 11:13:56,619 [main] GetCalls.GetProject  - Asserting whether email field is not null
INFO    2022-04-28 11:13:56,619 [main] GetCalls.GetProject  - Asserting whether name field is not null
INFO    2022-04-28 11:20:12,603 [main] GetCalls.GetProject  - The Response is : 
INFO    2022-04-28 11:20:12,603 [main] GetCalls.GetProject  - The Status code is 200 : VERIFIED 
INFO    2022-04-28 11:20:12,603 [main] GetCalls.GetProject  - The Content Type is : JSON 
INFO    2022-04-28 11:20:12,603 [main] GetCalls.GetProject  - Checking Product ID of the response :
INFO    2022-04-28 11:20:12,603 [main] GetCalls.GetProject  - Checking the name of the project
INFO    2022-04-28 11:20:12,603 [main] GetCalls.GetProject  - Checking the status of the project
INFO    2022-04-28 11:22:50,788 [main] GetCalls.GetProject  - The Response is : 
INFO    2022-04-28 11:22:50,788 [main] GetCalls.GetProject  - The Status code is 200 : VERIFIED 
INFO    2022-04-28 11:22:50,788 [main] GetCalls.GetProject  - The Content Type is : JSON 
INFO    2022-04-28 11:22:50,788 [main] GetCalls.GetProject  - Asserting whether email field is not null
INFO    2022-04-28 11:22:50,788 [main] GetCalls.GetProject  - Asserting whether name field is not null
INFO    2022-04-28 11:29:11,939 [main] GetCalls.GetProject  - Uploading profile picture
INFO    2022-04-28 11:29:21,484 [main] GetCalls.GetProject  - Signing as admin
INFO    2022-04-28 11:29:25,255 [main] GetCalls.GetProject  - Uploading profile picture
INFO    2022-04-28 11:49:38,505 [main] GetCalls.GetProject  - Signing as admin
INFO    2022-04-28 12:02:43,031 [main] GetCalls.GetProject  - Signing as admin
INFO    2022-04-28 12:07:32,341 [main] GetCalls.GetProject  - Uploading profile picture
INFO    2022-04-28 12:07:36,647 [main] GetCalls.GetProject  - Signing as admin
INFO    2022-04-28 12:07:40,153 [main] GetCalls.GetProject  - Uploading profile picture
INFO    2022-04-28 12:10:32,883 [main] GetCalls.GetProject  - Signing as admin
INFO    2022-04-28 13:06:48,108 [main] GetCalls.GetProject  - Signing as admin
INFO    2022-04-28 13:08:16,975 [main] GetCalls.GetProject  - Signing as admin
INFO    2022-04-28 13:10:06,356 [main] GetCalls.GetProject  - Signing as admin
INFO    2022-04-28 16:36:09,484 [main] baseClass.BaseClass  - Signing as admin
INFO    2022-04-28 16:36:12,286 [main] baseClass.BaseClass  - The Response is : 
INFO    2022-04-28 16:36:12,287 [main] baseClass.BaseClass  - The Status code is 200 : VERIFIED 
INFO    2022-04-28 16:36:12,291 [main] baseClass.BaseClass  - The Content Type is : JSON 
INFO    2022-04-28 16:36:12,292 [main] baseClass.BaseClass  - Asserting whether email field is not null
INFO    2022-04-28 16:36:12,296 [main] baseClass.BaseClass  - Asserting whether id field is not null
INFO    2022-04-28 19:26:21,859 [main] DeleteCalls.DeleteUser  - Deleting the user
INFO    2022-04-28 19:26:24,391 [main] baseClass.BaseClass  - The Response is : 
INFO    2022-04-28 19:26:24,414 [main] baseClass.BaseClass  - The Status code is 200 : VERIFIED 
INFO    2022-04-28 19:26:24,896 [main] GetCalls.GetProject  - The Response is : 
INFO    2022-04-28 19:26:24,896 [main] GetCalls.GetProject  - The Status code is 200 : VERIFIED 
INFO    2022-04-28 19:26:24,912 [main] GetCalls.GetProject  - Checking the status of the project
INFO    2022-04-28 19:26:25,515 [main] GetCalls.GetUserWithProjectId  - The Response is : 
INFO    2022-04-28 19:26:25,515 [main] GetCalls.GetUserWithProjectId  - The Status code is 200 : VERIFIED 
INFO    2022-04-28 19:26:27,451 [main] PostCalls.PostProfilePicUpdate  - Uploading profile picture
INFO    2022-04-28 19:26:28,256 [main] baseClass.BaseClass  - Signing as admin
INFO    2022-04-28 19:26:52,285 [main] baseClass.BaseClass  - Signing as admin
INFO    2022-04-28 19:26:54,534 [main] DeleteCalls.DeleteUser  - Deleting the user
INFO    2022-04-28 19:26:55,726 [main] baseClass.BaseClass  - The Response is : 
INFO    2022-04-28 19:26:55,726 [main] baseClass.BaseClass  - The Status code is 200 : VERIFIED 
INFO    2022-04-28 19:26:55,726 [main] baseClass.BaseClass  - The Content Type is : JSON 
INFO    2022-04-28 19:26:55,726 [main] baseClass.BaseClass  - Asserting whether email field is not null
INFO    2022-04-28 19:26:55,747 [main] baseClass.BaseClass  - Asserting whether id field is not null
INFO    2022-04-28 19:26:57,442 [main] GetCalls.GetProject  - The Response is : 
INFO    2022-04-28 19:26:57,442 [main] GetCalls.GetProject  - The Status code is 200 : VERIFIED 
INFO    2022-04-28 19:26:57,442 [main] GetCalls.GetProject  - The Content Type is : JSON 
INFO    2022-04-28 19:26:57,442 [main] GetCalls.GetProject  - Checking Product ID of the response :
INFO    2022-04-28 19:26:57,442 [main] GetCalls.GetProject  - Checking the name of the project
INFO    2022-04-28 19:26:57,442 [main] GetCalls.GetProject  - Checking the status of the project
INFO    2022-04-28 19:26:58,026 [main] GetCalls.GetUserWithProjectId  - The Response is : 
INFO    2022-04-28 19:26:58,026 [main] GetCalls.GetUserWithProjectId  - The Status code is 200 : VERIFIED 
INFO    2022-04-28 19:26:58,026 [main] GetCalls.GetUserWithProjectId  - The Content Type is : JSON 
INFO    2022-04-28 19:26:58,034 [main] GetCalls.GetUserWithProjectId  - Asserting whether email field is not null
INFO    2022-04-28 19:26:58,034 [main] GetCalls.GetUserWithProjectId  - Asserting whether name field is not null
INFO    2022-04-28 19:27:00,228 [main] PostCalls.PostProfilePicUpdate  - Uploading profile picture
INFO    2022-04-28 20:11:33,601 [main] PostCalls.postCalls_Keshav  - In signup :statuscode is as expected in response
INFO    2022-04-28 20:13:22,252 [main] baseClass.BaseClass  - Signing as admin
INFO    2022-04-28 20:13:25,082 [main] baseClass.BaseClass  - Status Code :200
INFO    2022-04-28 20:13:25,088 [main] baseClass.BaseClass  - Response time is less than 1500
INFO    2022-04-28 20:13:46,512 [main] baseClass.BaseClass  - Signing as admin
INFO    2022-04-28 20:13:49,369 [main] baseClass.BaseClass  - The Response is : 
INFO    2022-04-28 20:13:49,370 [main] baseClass.BaseClass  - The Status code is 200 : VERIFIED 
INFO    2022-04-28 20:13:49,378 [main] baseClass.BaseClass  - The Content Type is : JSON 
INFO    2022-04-28 20:13:49,384 [main] baseClass.BaseClass  - Asserting whether email field is not null
INFO    2022-04-28 20:13:49,399 [main] baseClass.BaseClass  - Asserting whether id field is not null
INFO    2022-04-28 20:13:59,073 [main] baseClass.BaseClass  - Signing as admin
INFO    2022-04-28 20:14:02,207 [main] GetCalls.GetProject  - The Response is : 
INFO    2022-04-28 20:14:02,209 [main] GetCalls.GetProject  - The Status code is 200 : VERIFIED 
INFO    2022-04-28 20:14:02,213 [main] GetCalls.GetProject  - The Content Type is : JSON 
INFO    2022-04-28 20:14:02,215 [main] GetCalls.GetProject  - Checking Product ID of the response :
INFO    2022-04-28 20:14:02,223 [main] GetCalls.GetProject  - Checking the name of the project
INFO    2022-04-28 20:14:02,225 [main] GetCalls.GetProject  - Checking the status of the project
INFO    2022-04-28 20:16:33,367 [main] PostCalls.postCalls_Keshav  - In testingAdminLoginApi :Status code is 200
INFO    2022-04-28 20:16:34,078 [main] PostCalls.postCalls_Keshav  - username is as expected in response
INFO    2022-04-28 20:16:34,079 [main] PostCalls.postCalls_Keshav  - email is as expected in response
INFO    2022-04-28 20:16:34,658 [main] PostCalls.postCalls_Keshav  - In createVacancy :status code  is as expected in response
INFO    2022-04-28 20:16:34,660 [main] PostCalls.postCalls_Keshav  - band is as expected in response
INFO    2022-04-28 20:16:34,661 [main] PostCalls.postCalls_Keshav  - skill is as expected in response
INFO    2022-04-28 20:16:34,661 [main] PostCalls.postCalls_Keshav  - technology is as expected in response
INFO    2022-04-28 20:16:34,664 [main] PostCalls.postCalls_Keshav  - response time is less than 1000
INFO    2022-04-28 20:16:35,761 [main] PostCalls.postCalls_Keshav  - In signup :statuscode is as expected in response
INFO    2022-04-28 20:16:59,639 [main] GetCalls.getCalls_Keshav  - In testingAdminLoginApi :Status code is 200
INFO    2022-04-28 20:17:00,235 [main] GetCalls.getCalls_Keshav  - username is as expected in response
INFO    2022-04-28 20:17:00,236 [main] GetCalls.getCalls_Keshav  - email is as expected in response
INFO    2022-04-28 20:17:00,923 [main] GetCalls.getCalls_Keshav  - In getAllManagers :Status code is as expected in response that is 200
INFO    2022-04-28 20:17:00,952 [main] GetCalls.getCalls_Keshav  - succcessfully retrieved all th managers
INFO    2022-04-28 20:17:00,955 [main] GetCalls.getCalls_Keshav  - response time is less than 1000
INFO    2022-04-28 20:17:01,591 [main] GetCalls.getCalls_Keshav  - In getSpecificManager :Status code is as expected in response that is 200
INFO    2022-04-28 20:17:01,591 [main] GetCalls.getCalls_Keshav  - name is as expected in response
INFO    2022-04-28 20:17:01,592 [main] GetCalls.getCalls_Keshav  - username is as expected in response
INFO    2022-04-28 20:17:01,592 [main] GetCalls.getCalls_Keshav  - email is as expected in response
INFO    2022-04-28 20:17:01,592 [main] GetCalls.getCalls_Keshav  - band is as expected in response
INFO    2022-04-28 20:17:01,592 [main] GetCalls.getCalls_Keshav  - response time is less than 1000
INFO    2022-04-28 20:17:02,813 [main] GetCalls.getCalls_Keshav  - In getAllProjects :statuscode is as expected in response
INFO    2022-04-28 20:17:02,846 [main] GetCalls.getCalls_Keshav  - response time is less than 1000
INFO    2022-04-28 20:37:19,733 [main] baseClass.BaseClass  - Signing as admin
INFO    2022-04-28 20:37:45,000 [main] DeleteCalls.DeleteBand  - Delete band from dropdown
INFO    2022-04-28 20:38:31,349 [main] baseClass.BaseClass  - Signing as admin
INFO    2022-04-28 20:38:34,535 [main] GetCalls.GetBandDropDown  - Getting  Dropdown
INFO    2022-04-28 20:38:35,183 [main] GetCalls.GetBandDropDown  - Getting status code
INFO    2022-04-28 20:38:35,193 [main] GetCalls.GetBandDropDown  - Getting response time
INFO    2022-04-28 20:39:57,786 [main] baseClass.BaseClass  - Signing as admin
INFO    2022-04-28 20:39:59,665 [main] GetCalls.GetVacanyUsers  - Getting list of users in a particular Vacancy
INFO    2022-04-28 20:40:16,395 [main] baseClass.BaseClass  - Signing as admin
INFO    2022-04-28 20:40:18,336 [main] PostCalls.PostMapUser  - Mapping UserId
INFO    2022-04-28 20:40:36,486 [main] baseClass.BaseClass  - Signing as admin
INFO    2022-04-28 20:40:38,345 [main] PostCalls.PostMapUser  - Mapping UserId
INFO    2022-04-28 20:41:00,822 [main] baseClass.BaseClass  - Signing as admin
INFO    2022-04-28 20:41:02,688 [main] PostCalls.PostMapUser  - Mapping UserId
INFO    2022-04-28 20:43:38,458 [main] baseClass.BaseClass  - Signing as admin
INFO    2022-04-28 20:43:40,446 [main] DeleteCalls.DeleteBand  - Delete band from dropdown
INFO    2022-04-28 20:44:05,129 [main] baseClass.BaseClass  - Signing as admin
INFO    2022-04-28 20:44:06,937 [main] GetCalls.GetBandDropDown  - Getting  Dropdown
INFO    2022-04-28 20:44:07,546 [main] GetCalls.GetBandDropDown  - Getting status code
INFO    2022-04-28 20:44:07,555 [main] GetCalls.GetBandDropDown  - Getting response time
INFO    2022-04-28 20:44:50,355 [main] baseClass.BaseClass  - Signing as admin
INFO    2022-04-28 20:44:52,318 [main] GetCalls.GetBandDropDown  - Getting  Dropdown
INFO    2022-04-28 20:44:52,937 [main] GetCalls.GetBandDropDown  - Getting status code
INFO    2022-04-28 20:44:52,946 [main] GetCalls.GetBandDropDown  - Getting response time
INFO    2022-04-28 20:45:50,683 [main] baseClass.BaseClass  - Signing as admin
INFO    2022-04-28 20:45:54,100 [main] GetCalls.GetBandDropDown  - Getting  Dropdown
INFO    2022-04-28 20:45:54,704 [main] GetCalls.GetBandDropDown  - Getting status code
INFO    2022-04-28 20:45:54,710 [main] GetCalls.GetBandDropDown  - Getting response time
INFO    2022-04-28 20:56:40,314 [main] baseClass.BaseClass  - Signing as admin
INFO    2022-04-28 20:56:42,292 [main] GetCalls.GetBandDropDown  - Getting  Dropdown
INFO    2022-04-28 20:56:42,905 [main] GetCalls.GetBandDropDown  - Getting status code
INFO    2022-04-28 20:56:42,915 [main] GetCalls.GetBandDropDown  - Getting response time
INFO    2022-04-28 20:58:12,905 [main] baseClass.BaseClass  - Signing as admin
INFO    2022-04-28 20:58:14,747 [main] GetCalls.GetBandDropDown  - Getting  Dropdown
INFO    2022-04-28 20:58:15,329 [main] GetCalls.GetBandDropDown  - Getting status code
INFO    2022-04-28 20:58:15,336 [main] GetCalls.GetBandDropDown  - Getting response time
INFO    2022-04-28 21:23:49,756 [main] baseClass.BaseClass  - Signing as admin
INFO    2022-04-28 21:23:51,638 [main] GetCalls.GetBandDropDown  - Getting  Dropdown
INFO    2022-04-28 21:23:52,218 [main] GetCalls.GetBandDropDown  - Getting status code
INFO    2022-04-28 21:23:52,222 [main] GetCalls.GetBandDropDown  - Getting response time
INFO    2022-04-28 21:23:52,237 [main] baseClass.BaseClass  - Signing as admin
INFO    2022-04-28 21:23:53,459 [main] baseClass.BaseClass  - The Response is : 
INFO    2022-04-28 21:23:53,460 [main] baseClass.BaseClass  - The Status code is 200 : VERIFIED 
INFO    2022-04-28 21:23:53,460 [main] baseClass.BaseClass  - The Content Type is : JSON 
INFO    2022-04-28 21:23:53,462 [main] baseClass.BaseClass  - Asserting whether email field is not null
INFO    2022-04-28 21:23:53,465 [main] baseClass.BaseClass  - Asserting whether id field is not null
INFO    2022-04-28 21:23:53,468 [main] baseClass.BaseClass  - Signing as admin
INFO    2022-04-28 21:23:54,577 [main] baseClass.BaseClass  - Status Code :200
INFO    2022-04-28 21:23:54,578 [main] baseClass.BaseClass  - Response time is less than 1500
INFO    2022-04-28 21:23:54,580 [main] baseClass.BaseClass  - Signing as admin
INFO    2022-04-28 21:23:55,717 [main] GetCalls.GetProject  - The Response is : 
INFO    2022-04-28 21:23:55,717 [main] GetCalls.GetProject  - The Status code is 200 : VERIFIED 
INFO    2022-04-28 21:23:55,718 [main] GetCalls.GetProject  - The Content Type is : JSON 
INFO    2022-04-28 21:23:55,720 [main] GetCalls.GetProject  - Checking Product ID of the response :
INFO    2022-04-28 21:23:55,721 [main] GetCalls.GetProject  - Checking the name of the project
INFO    2022-04-28 21:23:55,723 [main] GetCalls.GetProject  - Checking the status of the project
INFO    2022-04-28 21:23:55,725 [main] baseClass.BaseClass  - Signing as admin
INFO    2022-04-28 21:23:56,821 [main] PostCalls.PostProfilePicUpdate  - Status Code :200
INFO    2022-04-28 21:23:56,824 [main] PostCalls.PostProfilePicUpdate  - id is present in the list of specialization
INFO    2022-04-28 21:23:56,825 [main] PostCalls.PostProfilePicUpdate  - php15 is present in the list of Specialization
INFO    2022-04-28 21:23:56,825 [main] PostCalls.PostProfilePicUpdate  - Response time is less than 1500
INFO    2022-04-28 21:23:56,828 [main] baseClass.BaseClass  - Signing as admin
INFO    2022-04-28 21:23:57,873 [main] PostCalls.PostProfilePicUpdate  - Status Code :200
INFO    2022-04-28 21:23:57,875 [main] PostCalls.PostProfilePicUpdate  - id is present in the list of technology
INFO    2022-04-28 21:23:57,875 [main] PostCalls.PostProfilePicUpdate  - React JS is present in the list of Technology
INFO    2022-04-28 21:23:57,875 [main] PostCalls.PostProfilePicUpdate  - Response time is less than 1500
INFO    2022-04-28 21:23:57,878 [main] baseClass.BaseClass  - Signing as admin
INFO    2022-04-28 21:23:58,476 [main] baseClass.BaseClass  - Getting all vacancy associated with project ID
INFO    2022-04-28 21:23:58,958 [main] baseClass.BaseClass  - Got vacancy Associated with the project ID
INFO    2022-04-28 21:24:00,277 [main] baseClass.BaseClass  - Got the user Associated with the project ID
INFO    2022-04-28 21:24:00,811 [main] baseClass.BaseClass  - Got a user Assoiated with user id
INFO    2022-04-28 21:24:00,813 [main] baseClass.BaseClass  - Signing as admin
INFO    2022-04-28 21:24:02,623 [main] GetCalls.GetTestAdithyaP  - Data Types validated
INFO    2022-04-28 21:24:03,137 [main] GetCalls.GetTestAdithyaP  - checking whether user 8 has applied for project 23
INFO    2022-04-28 21:24:03,139 [main] baseClass.BaseClass  - Signing as admin
INFO    2022-04-28 21:24:04,189 [main] GetCalls.GetUserWithProjectId  - The Response is : 
INFO    2022-04-28 21:24:04,191 [main] GetCalls.GetUserWithProjectId  - The Status code is 200 : VERIFIED 
INFO    2022-04-28 21:24:04,191 [main] GetCalls.GetUserWithProjectId  - The Content Type is : JSON 
INFO    2022-04-28 21:24:04,194 [main] GetCalls.GetUserWithProjectId  - Asserting whether email field is not null
INFO    2022-04-28 21:24:04,195 [main] GetCalls.GetUserWithProjectId  - Asserting whether name field is not null
INFO    2022-04-28 21:24:04,197 [main] baseClass.BaseClass  - Signing as admin
INFO    2022-04-28 21:24:05,039 [main] GetCalls.GetVacanyUsers  - Getting list of users in a particular Vacancy
INFO    2022-04-28 21:24:07,664 [main] GetCalls.getCalls_Keshav  - In testingAdminLoginApi :Status code is 200
INFO    2022-04-28 21:24:08,226 [main] GetCalls.getCalls_Keshav  - username is as expected in response
INFO    2022-04-28 21:24:08,228 [main] GetCalls.getCalls_Keshav  - email is as expected in response
INFO    2022-04-28 21:24:08,767 [main] GetCalls.getCalls_Keshav  - In getAllManagers :Status code is as expected in response that is 200
INFO    2022-04-28 21:24:08,788 [main] GetCalls.getCalls_Keshav  - succcessfully retrieved all th managers
INFO    2022-04-28 21:24:08,789 [main] GetCalls.getCalls_Keshav  - response time is less than 1000
INFO    2022-04-28 21:24:09,317 [main] GetCalls.getCalls_Keshav  - In getSpecificManager :Status code is as expected in response that is 200
INFO    2022-04-28 21:24:09,317 [main] GetCalls.getCalls_Keshav  - name is as expected in response
INFO    2022-04-28 21:24:09,317 [main] GetCalls.getCalls_Keshav  - username is as expected in response
INFO    2022-04-28 21:24:09,317 [main] GetCalls.getCalls_Keshav  - email is as expected in response
INFO    2022-04-28 21:24:09,317 [main] GetCalls.getCalls_Keshav  - band is as expected in response
INFO    2022-04-28 21:24:09,318 [main] GetCalls.getCalls_Keshav  - response time is less than 1000
INFO    2022-04-28 21:24:10,631 [main] GetCalls.getCalls_Keshav  - In getAllProjects :statuscode is as expected in response
INFO    2022-04-28 21:24:10,656 [main] GetCalls.getCalls_Keshav  - response time is less than 1000
INFO    2022-04-28 21:24:10,658 [main] baseClass.BaseClass  - Signing as admin
INFO    2022-04-28 21:24:11,225 [main] PostCalls.PostMapUser  - Mapping UserId
INFO    2022-04-28 21:24:14,445 [main] baseClass.BaseClass  - Signing as admin
INFO    2022-04-28 21:24:17,122 [main] PostCalls.PostProfilePicUpdate  - Uploading profile picture
INFO    2022-04-28 21:24:17,125 [main] baseClass.BaseClass  - Signing as admin
INFO    2022-04-28 21:24:18,232 [main] PostCalls.PostProfilePicUpdate  - Response time is less than 1000
INFO    2022-04-28 21:24:18,233 [main] PostCalls.PostProfilePicUpdate  - Data types Validated
INFO    2022-04-28 21:24:18,234 [main] baseClass.BaseClass  - Signing as admin
INFO    2022-04-28 21:24:19,271 [main] PostCalls.PostProfilePicUpdate  - Response time is less than 1000
INFO    2022-04-28 21:24:19,271 [main] PostCalls.PostProfilePicUpdate  - Data types Validated
INFO    2022-04-28 21:24:19,274 [main] baseClass.BaseClass  - Signing as admin
INFO    2022-04-28 21:24:20,357 [main] PostCalls.PostTestsAdithyaP  -
Expected: is <201>
     but: was <409>
INFO    2022-04-28 21:24:20,884 [main] baseClass.BaseClass  - Signing as admin
INFO    2022-04-28 21:24:22,603 [main] PostCalls.postCalls_Keshav  - In testingAdminLoginApi :Status code is 200
INFO    2022-04-28 21:24:22,614 [main] PostCalls.postCalls_Keshav  - username is as expected in response
INFO    2022-04-28 21:24:22,614 [main] PostCalls.postCalls_Keshav  - email is as expected in response
INFO    2022-04-28 21:24:23,139 [main] PostCalls.postCalls_Keshav  - In createVacancy :status code  is as expected in response
INFO    2022-04-28 21:24:23,140 [main] PostCalls.postCalls_Keshav  - band is as expected in response
INFO    2022-04-28 21:24:23,140 [main] PostCalls.postCalls_Keshav  - skill is as expected in response
INFO    2022-04-28 21:24:23,140 [main] PostCalls.postCalls_Keshav  - technology is as expected in response
INFO    2022-04-28 21:24:23,140 [main] PostCalls.postCalls_Keshav  - response time is less than 1000
INFO    2022-04-28 21:24:24,134 [main] PostCalls.postCalls_Keshav  - In signup :statuscode is as expected in response
INFO    2022-04-28 21:24:24,139 [main] baseClass.BaseClass  - Signing as admin
INFO    2022-04-28 21:24:26,295 [main] baseClass.BaseClass  - Signing as admin
INFO    2022-04-28 21:24:27,357 [main] PutCalls.PutTestAdithyaP  -
Expected: is <200>
     but: was <404>
INFO    2022-04-28 21:24:27,359 [main] baseClass.BaseClass  - Signing as admin
INFO    2022-04-28 21:24:27,904 [main] DeleteCalls.DeleteBand  - Delete band from dropdown
INFO    2022-04-28 21:24:28,420 [main] baseClass.BaseClass  - Signing as admin
INFO    2022-04-28 21:24:29,587 [main] baseClass.BaseClass  - Signing as admin
INFO    2022-04-28 21:24:33,595 [main] baseClass.BaseClass  - Deleting Technology Dropdown
INFO    2022-04-28 21:24:34,086 [main] baseClass.BaseClass  - Deleted a technology in dropdown
INFO    2022-04-28 21:24:34,088 [main] baseClass.BaseClass  - Signing as admin
INFO    2022-04-28 21:24:35,186 [main] DeleteCalls.DeleteTestsAdithyaP  - Vacancy 40 is not found since it is already deleted
INFO    2022-04-28 21:24:35,189 [main] baseClass.BaseClass  - Signing as admin
INFO    2022-04-28 21:24:35,758 [main] DeleteCalls.DeleteUser  - Deleting the user
INFO    2022-04-28 21:24:36,801 [main] DeleteCalls.deleteCalls_keshav  - In testingAdminLoginApi :Status code is 200
INFO    2022-04-28 21:24:36,823 [main] DeleteCalls.deleteCalls_keshav  - username is as expected in response
INFO    2022-04-28 21:24:36,823 [main] DeleteCalls.deleteCalls_keshav  - email is as expected in response
INFO    2022-04-28 21:24:37,849 [main] DeleteCalls.deleteCalls_keshav  - In deletingManager :vacancy by user is deleted successfully
INFO    2022-04-28 21:24:37,849 [main] DeleteCalls.deleteCalls_keshav  - response time is less than 1000
INFO    2022-04-28 21:26:44,393 [main] baseClass.BaseClass  - Signing as admin
INFO    2022-04-28 21:26:46,346 [main] GetCalls.GetBandDropDown  - Getting  Dropdown
INFO    2022-04-28 21:26:46,917 [main] GetCalls.GetBandDropDown  - Getting status code
INFO    2022-04-28 21:26:46,923 [main] GetCalls.GetBandDropDown  - Getting response time
INFO    2022-04-28 21:26:46,938 [main] baseClass.BaseClass  - Signing as admin
INFO    2022-04-28 21:26:48,154 [main] baseClass.BaseClass  - The Response is : 
INFO    2022-04-28 21:26:48,154 [main] baseClass.BaseClass  - The Status code is 200 : VERIFIED 
INFO    2022-04-28 21:26:48,154 [main] baseClass.BaseClass  - The Content Type is : JSON 
INFO    2022-04-28 21:26:48,156 [main] baseClass.BaseClass  - Asserting whether email field is not null
INFO    2022-04-28 21:26:48,160 [main] baseClass.BaseClass  - Asserting whether id field is not null
INFO    2022-04-28 21:26:48,163 [main] baseClass.BaseClass  - Signing as admin
INFO    2022-04-28 21:26:49,290 [main] baseClass.BaseClass  - Status Code :200
INFO    2022-04-28 21:26:49,290 [main] baseClass.BaseClass  - Response time is less than 1500
INFO    2022-04-28 21:26:49,293 [main] baseClass.BaseClass  - Signing as admin
INFO    2022-04-28 21:26:50,382 [main] GetCalls.GetProject  - The Response is : 
INFO    2022-04-28 21:26:50,383 [main] GetCalls.GetProject  - The Status code is 200 : VERIFIED 
INFO    2022-04-28 21:26:50,384 [main] GetCalls.GetProject  - The Content Type is : JSON 
INFO    2022-04-28 21:26:50,385 [main] GetCalls.GetProject  - Checking Product ID of the response :
INFO    2022-04-28 21:26:50,386 [main] GetCalls.GetProject  - Checking the name of the project
INFO    2022-04-28 21:26:50,387 [main] GetCalls.GetProject  - Checking the status of the project
INFO    2022-04-28 21:26:50,389 [main] baseClass.BaseClass  - Signing as admin
INFO    2022-04-28 21:26:51,426 [main] PostCalls.PostProfilePicUpdate  - Status Code :200
INFO    2022-04-28 21:26:51,428 [main] PostCalls.PostProfilePicUpdate  - id is present in the list of specialization
INFO    2022-04-28 21:26:51,429 [main] PostCalls.PostProfilePicUpdate  - php15 is present in the list of Specialization
INFO    2022-04-28 21:26:51,429 [main] PostCalls.PostProfilePicUpdate  - Response time is less than 1500
INFO    2022-04-28 21:26:51,432 [main] baseClass.BaseClass  - Signing as admin
INFO    2022-04-28 21:26:52,490 [main] PostCalls.PostProfilePicUpdate  - Status Code :200
INFO    2022-04-28 21:26:52,492 [main] PostCalls.PostProfilePicUpdate  - id is present in the list of technology
INFO    2022-04-28 21:26:52,492 [main] PostCalls.PostProfilePicUpdate  - React JS is present in the list of Technology
INFO    2022-04-28 21:26:52,492 [main] PostCalls.PostProfilePicUpdate  - Response time is less than 1500
INFO    2022-04-28 21:26:52,494 [main] baseClass.BaseClass  - Signing as admin
INFO    2022-04-28 21:26:53,068 [main] baseClass.BaseClass  - Getting all vacancy associated with project ID
INFO    2022-04-28 21:26:53,569 [main] baseClass.BaseClass  - Got vacancy Associated with the project ID
INFO    2022-04-28 21:26:54,612 [main] baseClass.BaseClass  - Got the user Associated with the project ID
INFO    2022-04-28 21:26:55,199 [main] baseClass.BaseClass  - Got a user Assoiated with user id
INFO    2022-04-28 21:26:55,201 [main] baseClass.BaseClass  - Signing as admin
INFO    2022-04-28 21:26:57,049 [main] GetCalls.GetTestAdithyaP  - Data Types validated
INFO    2022-04-28 21:26:58,657 [main] GetCalls.GetTestAdithyaP  - checking whether user 8 has applied for project 23
INFO    2022-04-28 21:26:58,658 [main] baseClass.BaseClass  - Signing as admin
INFO    2022-04-28 21:27:00,120 [main] GetCalls.GetUserWithProjectId  - The Response is : 
INFO    2022-04-28 21:27:00,121 [main] GetCalls.GetUserWithProjectId  - The Status code is 200 : VERIFIED 
INFO    2022-04-28 21:27:00,121 [main] GetCalls.GetUserWithProjectId  - The Content Type is : JSON 
INFO    2022-04-28 21:27:00,122 [main] GetCalls.GetUserWithProjectId  - Asserting whether email field is not null
INFO    2022-04-28 21:27:00,123 [main] GetCalls.GetUserWithProjectId  - Asserting whether name field is not null
INFO    2022-04-28 21:27:00,125 [main] baseClass.BaseClass  - Signing as admin
INFO    2022-04-28 21:27:00,725 [main] GetCalls.GetVacanyUsers  - Getting list of users in a particular Vacancy
INFO    2022-04-28 21:27:01,872 [main] GetCalls.getCalls_Keshav  - In testingAdminLoginApi :Status code is 200
INFO    2022-04-28 21:27:02,480 [main] GetCalls.getCalls_Keshav  - username is as expected in response
INFO    2022-04-28 21:27:02,480 [main] GetCalls.getCalls_Keshav  - email is as expected in response
INFO    2022-04-28 21:27:03,022 [main] GetCalls.getCalls_Keshav  - In getAllManagers :Status code is as expected in response that is 200
INFO    2022-04-28 21:27:03,040 [main] GetCalls.getCalls_Keshav  - succcessfully retrieved all th managers
INFO    2022-04-28 21:27:03,041 [main] GetCalls.getCalls_Keshav  - response time is less than 1000
INFO    2022-04-28 21:27:03,568 [main] GetCalls.getCalls_Keshav  - In getSpecificManager :Status code is as expected in response that is 200
INFO    2022-04-28 21:27:03,568 [main] GetCalls.getCalls_Keshav  - name is as expected in response
INFO    2022-04-28 21:27:03,568 [main] GetCalls.getCalls_Keshav  - username is as expected in response
INFO    2022-04-28 21:27:03,568 [main] GetCalls.getCalls_Keshav  - email is as expected in response
INFO    2022-04-28 21:27:03,568 [main] GetCalls.getCalls_Keshav  - band is as expected in response
INFO    2022-04-28 21:27:03,568 [main] GetCalls.getCalls_Keshav  - response time is less than 1000
INFO    2022-04-28 21:27:04,778 [main] GetCalls.getCalls_Keshav  - In getAllProjects :statuscode is as expected in response
INFO    2022-04-28 21:27:04,790 [main] GetCalls.getCalls_Keshav  - response time is less than 1000
INFO    2022-04-28 21:27:04,793 [main] baseClass.BaseClass  - Signing as admin
INFO    2022-04-28 21:27:05,426 [main] PostCalls.PostMapUser  - Mapping UserId
INFO    2022-04-28 21:27:09,180 [main] baseClass.BaseClass  - Signing as admin
INFO    2022-04-28 21:27:11,735 [main] PostCalls.PostProfilePicUpdate  - Uploading profile picture
INFO    2022-04-28 21:27:11,737 [main] baseClass.BaseClass  - Signing as admin
INFO    2022-04-28 21:27:13,025 [main] PostCalls.PostProfilePicUpdate  - Response time is less than 1000
INFO    2022-04-28 21:27:13,026 [main] PostCalls.PostProfilePicUpdate  - Data types Validated
INFO    2022-04-28 21:27:13,028 [main] baseClass.BaseClass  - Signing as admin
INFO    2022-04-28 21:27:14,110 [main] PostCalls.PostProfilePicUpdate  - Response time is less than 1000
INFO    2022-04-28 21:27:14,110 [main] PostCalls.PostProfilePicUpdate  - Data types Validated
INFO    2022-04-28 21:27:14,113 [main] baseClass.BaseClass  - Signing as admin
INFO    2022-04-28 21:27:15,161 [main] PostCalls.PostTestsAdithyaP  -
Expected: is <201>
     but: was <409>
INFO    2022-04-28 21:27:15,702 [main] baseClass.BaseClass  - Signing as admin
INFO    2022-04-28 21:27:17,535 [main] PostCalls.postCalls_Keshav  - In testingAdminLoginApi :Status code is 200
INFO    2022-04-28 21:27:17,557 [main] PostCalls.postCalls_Keshav  - username is as expected in response
INFO    2022-04-28 21:27:17,557 [main] PostCalls.postCalls_Keshav  - email is as expected in response
INFO    2022-04-28 21:27:18,082 [main] PostCalls.postCalls_Keshav  - In createVacancy :status code  is as expected in response
INFO    2022-04-28 21:27:18,082 [main] PostCalls.postCalls_Keshav  - band is as expected in response
INFO    2022-04-28 21:27:18,082 [main] PostCalls.postCalls_Keshav  - skill is as expected in response
INFO    2022-04-28 21:27:18,082 [main] PostCalls.postCalls_Keshav  - technology is as expected in response
INFO    2022-04-28 21:27:18,082 [main] PostCalls.postCalls_Keshav  - response time is less than 1000
INFO    2022-04-28 21:27:19,024 [main] PostCalls.postCalls_Keshav  - In signup :statuscode is as expected in response
INFO    2022-04-28 21:27:19,029 [main] baseClass.BaseClass  - Signing as admin
INFO    2022-04-28 21:27:20,143 [main] baseClass.BaseClass  - Signing as admin
INFO    2022-04-28 21:27:21,249 [main] PutCalls.PutTestAdithyaP  -
Expected: is <200>
     but: was <404>
INFO    2022-04-28 21:27:21,252 [main] baseClass.BaseClass  - Signing as admin
INFO    2022-04-28 21:27:21,859 [main] DeleteCalls.DeleteBand  - Delete band from dropdown
INFO    2022-04-28 21:27:22,357 [main] baseClass.BaseClass  - Signing as admin
INFO    2022-04-28 21:27:23,408 [main] baseClass.BaseClass  - Signing as admin
INFO    2022-04-28 21:27:23,979 [main] baseClass.BaseClass  - Deleting Technology Dropdown
INFO    2022-04-28 21:27:24,458 [main] baseClass.BaseClass  - Deleted a technology in dropdown
INFO    2022-04-28 21:27:24,461 [main] baseClass.BaseClass  - Signing as admin
INFO    2022-04-28 21:27:25,512 [main] DeleteCalls.DeleteTestsAdithyaP  - Vacancy 40 is not found since it is already deleted
INFO    2022-04-28 21:27:25,514 [main] baseClass.BaseClass  - Signing as admin
INFO    2022-04-28 21:27:26,101 [main] DeleteCalls.DeleteUser  - Deleting the user
INFO    2022-04-28 21:27:27,225 [main] DeleteCalls.deleteCalls_keshav  - In testingAdminLoginApi :Status code is 200
INFO    2022-04-28 21:27:27,242 [main] DeleteCalls.deleteCalls_keshav  - username is as expected in response
INFO    2022-04-28 21:27:27,242 [main] DeleteCalls.deleteCalls_keshav  - email is as expected in response
INFO    2022-04-28 21:27:28,216 [main] DeleteCalls.deleteCalls_keshav  - In deletingManager :vacancy by user is deleted successfully
INFO    2022-04-28 21:27:28,217 [main] DeleteCalls.deleteCalls_keshav  - response time is less than 1000
INFO    2022-04-28 21:34:05,323 [main] baseClass.BaseClass  - Signing as admin
INFO    2022-04-28 21:34:08,051 [main] GetCalls.GetMethodsKeshav  - In getAllManagers :Status code is as expected in response that is 200
INFO    2022-04-28 21:34:08,059 [main] GetCalls.GetMethodsKeshav  - succcessfully retrieved all the managers
INFO    2022-04-28 21:34:08,061 [main] GetCalls.GetMethodsKeshav  - response time is less than 1500
INFO    2022-04-28 21:34:09,118 [main] GetCalls.GetMethodsKeshav  - In getSpecificManager :Status code is as expected in response that is 200
INFO    2022-04-28 21:34:09,119 [main] GetCalls.GetMethodsKeshav  - name is as expected in response
INFO    2022-04-28 21:34:09,120 [main] GetCalls.GetMethodsKeshav  - username is as expected in response
INFO    2022-04-28 21:34:09,120 [main] GetCalls.GetMethodsKeshav  - email is as expected in response
INFO    2022-04-28 21:34:09,120 [main] GetCalls.GetMethodsKeshav  - band is as expected in response
INFO    2022-04-28 21:34:09,120 [main] GetCalls.GetMethodsKeshav  - response time is less than 1500
INFO    2022-04-28 21:34:10,395 [main] GetCalls.GetMethodsKeshav  - In getAllProjects :statuscode is as expected in response
INFO    2022-04-28 21:34:10,396 [main] GetCalls.GetMethodsKeshav  - response time is less than 1500
